2024-03-02 21:58:09,429 INFO org.example.quiz.QuizApplication [restartedMain] Starting QuizApplication using Java 17.0.9 with PID 21268 (F:\JavaProjects\Jsp\Quiz\target\classes started by Rest.IQ in F:\JavaProjects\Jsp\Quiz)
2024-03-02 21:58:09,433 INFO org.example.quiz.QuizApplication [restartedMain] No active profile set, falling back to 1 default profile: "default"
2024-03-02 21:58:09,492 INFO org.springframework.boot.devtools.env.DevToolsPropertyDefaultsPostProcessor [restartedMain] Devtools property defaults active! Set 'spring.devtools.add-properties' to 'false' to disable
2024-03-02 21:58:09,492 INFO org.springframework.boot.devtools.env.DevToolsPropertyDefaultsPostProcessor [restartedMain] For additional web related logging consider setting the 'logging.level.web' property to 'DEBUG'
2024-03-02 21:58:10,760 INFO org.springframework.data.repository.config.RepositoryConfigurationDelegate [restartedMain] Bootstrapping Spring Data JPA repositories in DEFAULT mode.
2024-03-02 21:58:10,845 INFO org.springframework.data.repository.config.RepositoryConfigurationDelegate [restartedMain] Finished Spring Data repository scanning in 74 ms. Found 6 JPA repository interfaces.
2024-03-02 21:58:11,837 INFO org.springframework.boot.web.embedded.tomcat.TomcatWebServer [restartedMain] Tomcat initialized with port 8080 (http)
2024-03-02 21:58:11,849 INFO org.apache.catalina.core.StandardService [restartedMain] Starting service [Tomcat]
2024-03-02 21:58:11,850 INFO org.apache.catalina.core.StandardEngine [restartedMain] Starting Servlet engine: [Apache Tomcat/10.1.18]
2024-03-02 21:58:11,912 INFO org.apache.catalina.core.ContainerBase.[Tomcat].[localhost].[/] [restartedMain] Initializing Spring embedded WebApplicationContext
2024-03-02 21:58:11,912 INFO org.springframework.boot.web.servlet.context.ServletWebServerApplicationContext [restartedMain] Root WebApplicationContext: initialization completed in 2419 ms
2024-03-02 21:58:12,307 INFO org.hibernate.jpa.internal.util.LogHelper [restartedMain] HHH000204: Processing PersistenceUnitInfo [name: default]
2024-03-02 21:58:12,399 INFO org.hibernate.Version [restartedMain] HHH000412: Hibernate ORM core version 6.4.1.Final
2024-03-02 21:58:12,443 INFO org.hibernate.cache.internal.RegionFactoryInitiator [restartedMain] HHH000026: Second-level cache disabled
2024-03-02 21:58:12,735 INFO org.springframework.orm.jpa.persistenceunit.SpringPersistenceUnitInfo [restartedMain] No LoadTimeWeaver setup: ignoring JPA class transformer
2024-03-02 21:58:12,768 INFO com.zaxxer.hikari.HikariDataSource [restartedMain] HikariPool-1 - Starting...
2024-03-02 21:58:13,158 INFO com.zaxxer.hikari.pool.HikariPool [restartedMain] HikariPool-1 - Added connection com.mysql.cj.jdbc.ConnectionImpl@2eb7a87c
2024-03-02 21:58:13,160 INFO com.zaxxer.hikari.HikariDataSource [restartedMain] HikariPool-1 - Start completed.
2024-03-02 21:58:14,466 INFO org.hibernate.engine.transaction.jta.platform.internal.JtaPlatformInitiator [restartedMain] HHH000489: No JTA platform available (set 'hibernate.transaction.jta.platform' to enable JTA platform integration)
2024-03-02 21:58:14,696 INFO org.springframework.orm.jpa.LocalContainerEntityManagerFactoryBean [restartedMain] Initialized JPA EntityManagerFactory for persistence unit 'default'
2024-03-02 21:58:15,330 WARN org.springframework.boot.autoconfigure.orm.jpa.JpaBaseConfiguration$JpaWebConfiguration [restartedMain] spring.jpa.open-in-view is enabled by default. Therefore, database queries may be performed during view rendering. Explicitly configure spring.jpa.open-in-view to disable this warning
2024-03-02 21:58:15,920 INFO org.springframework.boot.actuate.endpoint.web.EndpointLinksResolver [restartedMain] Exposing 1 endpoint(s) beneath base path '/actuator'
2024-03-02 21:58:16,026 INFO org.springframework.security.web.DefaultSecurityFilterChain [restartedMain] Will secure any request with [org.springframework.security.web.session.DisableEncodeUrlFilter@43c9624e, org.springframework.security.web.context.request.async.WebAsyncManagerIntegrationFilter@66f41dc1, org.springframework.security.web.context.SecurityContextHolderFilter@70f8ebd9, org.springframework.security.web.header.HeaderWriterFilter@53c3001c, org.springframework.web.filter.CorsFilter@64ae2662, org.springframework.security.web.authentication.logout.LogoutFilter@24f4d7f6, org.springframework.security.web.authentication.UsernamePasswordAuthenticationFilter@3be775dd, org.springframework.security.web.savedrequest.RequestCacheAwareFilter@4db2f363, org.springframework.security.web.servletapi.SecurityContextHolderAwareRequestFilter@500979c6, org.springframework.security.web.authentication.rememberme.RememberMeAuthenticationFilter@4f818460, org.springframework.security.web.authentication.AnonymousAuthenticationFilter@172d4d0f, org.springframework.security.web.session.SessionManagementFilter@42af6569, org.springframework.security.web.access.ExceptionTranslationFilter@54052233, org.springframework.security.web.access.intercept.AuthorizationFilter@1afea08c]
2024-03-02 21:58:16,643 INFO org.springframework.boot.devtools.autoconfigure.OptionalLiveReloadServer [restartedMain] LiveReload server is running on port 35729
2024-03-02 21:58:16,725 INFO org.springframework.boot.web.embedded.tomcat.TomcatWebServer [restartedMain] Tomcat started on port 8080 (http) with context path ''
2024-03-02 21:58:16,744 INFO org.example.quiz.QuizApplication [restartedMain] Started QuizApplication in 7.734 seconds (process running for 9.484)
2024-03-02 21:58:16,940 INFO org.apache.catalina.core.ContainerBase.[Tomcat].[localhost].[/] [http-nio-8080-exec-1] Initializing Spring DispatcherServlet 'dispatcherServlet'
2024-03-02 21:58:16,940 INFO org.springframework.web.servlet.DispatcherServlet [http-nio-8080-exec-1] Initializing Servlet 'dispatcherServlet'
2024-03-02 21:58:16,941 INFO org.springframework.web.servlet.DispatcherServlet [http-nio-8080-exec-1] Completed initialization in 1 ms
2024-03-02 21:58:17,169 WARN org.springframework.boot.actuate.mail.MailHealthIndicator [RMI TCP Connection(3)-192.168.56.1] Mail health check failed
jakarta.mail.AuthenticationFailedException: failed to connect, no password specified?
	at jakarta.mail.Service.connect(Service.java:379)
	at org.springframework.mail.javamail.JavaMailSenderImpl.connectTransport(JavaMailSenderImpl.java:480)
	at org.springframework.mail.javamail.JavaMailSenderImpl.testConnection(JavaMailSenderImpl.java:360)
	at org.springframework.boot.actuate.mail.MailHealthIndicator.doHealthCheck(MailHealthIndicator.java:52)
	at org.springframework.boot.actuate.health.AbstractHealthIndicator.health(AbstractHealthIndicator.java:82)
	at org.springframework.boot.actuate.health.HealthIndicator.getHealth(HealthIndicator.java:37)
	at org.springframework.boot.actuate.health.HealthEndpoint.getHealth(HealthEndpoint.java:82)
	at org.springframework.boot.actuate.health.HealthEndpoint.getHealth(HealthEndpoint.java:41)
	at org.springframework.boot.actuate.health.HealthEndpointSupport.getLoggedHealth(HealthEndpointSupport.java:172)
	at org.springframework.boot.actuate.health.HealthEndpointSupport.getContribution(HealthEndpointSupport.java:145)
	at org.springframework.boot.actuate.health.HealthEndpointSupport.getAggregateContribution(HealthEndpointSupport.java:156)
	at org.springframework.boot.actuate.health.HealthEndpointSupport.getContribution(HealthEndpointSupport.java:141)
	at org.springframework.boot.actuate.health.HealthEndpointSupport.getHealth(HealthEndpointSupport.java:110)
	at org.springframework.boot.actuate.health.HealthEndpointSupport.getHealth(HealthEndpointSupport.java:81)
	at org.springframework.boot.actuate.health.HealthEndpoint.health(HealthEndpoint.java:76)
	at org.springframework.boot.actuate.health.HealthEndpoint.health(HealthEndpoint.java:66)
	at java.base/jdk.internal.reflect.NativeMethodAccessorImpl.invoke0(Native Method)
	at java.base/jdk.internal.reflect.NativeMethodAccessorImpl.invoke(NativeMethodAccessorImpl.java:77)
	at java.base/jdk.internal.reflect.DelegatingMethodAccessorImpl.invoke(DelegatingMethodAccessorImpl.java:43)
	at java.base/java.lang.reflect.Method.invoke(Method.java:568)
	at org.springframework.util.ReflectionUtils.invokeMethod(ReflectionUtils.java:281)
	at org.springframework.boot.actuate.endpoint.invoke.reflect.ReflectiveOperationInvoker.invoke(ReflectiveOperationInvoker.java:74)
	at org.springframework.boot.actuate.endpoint.annotation.AbstractDiscoveredOperation.invoke(AbstractDiscoveredOperation.java:60)
	at org.springframework.boot.actuate.endpoint.jmx.EndpointMBean.invoke(EndpointMBean.java:124)
	at org.springframework.boot.actuate.endpoint.jmx.EndpointMBean.invoke(EndpointMBean.java:97)
	at java.management/com.sun.jmx.interceptor.DefaultMBeanServerInterceptor.invoke(DefaultMBeanServerInterceptor.java:814)
	at java.management/com.sun.jmx.mbeanserver.JmxMBeanServer.invoke(JmxMBeanServer.java:802)
	at java.management.rmi/javax.management.remote.rmi.RMIConnectionImpl.doOperation(RMIConnectionImpl.java:1472)
	at java.management.rmi/javax.management.remote.rmi.RMIConnectionImpl$PrivilegedOperation.run(RMIConnectionImpl.java:1310)
	at java.management.rmi/javax.management.remote.rmi.RMIConnectionImpl.doPrivilegedOperation(RMIConnectionImpl.java:1405)
	at java.management.rmi/javax.management.remote.rmi.RMIConnectionImpl.invoke(RMIConnectionImpl.java:829)
	at java.base/jdk.internal.reflect.GeneratedMethodAccessor38.invoke(Unknown Source)
	at java.base/jdk.internal.reflect.DelegatingMethodAccessorImpl.invoke(DelegatingMethodAccessorImpl.java:43)
	at java.base/java.lang.reflect.Method.invoke(Method.java:568)
	at java.rmi/sun.rmi.server.UnicastServerRef.dispatch(UnicastServerRef.java:360)
	at java.rmi/sun.rmi.transport.Transport$1.run(Transport.java:200)
	at java.rmi/sun.rmi.transport.Transport$1.run(Transport.java:197)
	at java.base/java.security.AccessController.doPrivileged(AccessController.java:712)
	at java.rmi/sun.rmi.transport.Transport.serviceCall(Transport.java:196)
	at java.rmi/sun.rmi.transport.tcp.TCPTransport.handleMessages(TCPTransport.java:587)
	at java.rmi/sun.rmi.transport.tcp.TCPTransport$ConnectionHandler.run0(TCPTransport.java:828)
	at java.rmi/sun.rmi.transport.tcp.TCPTransport$ConnectionHandler.lambda$run$0(TCPTransport.java:705)
	at java.base/java.security.AccessController.doPrivileged(AccessController.java:399)
	at java.rmi/sun.rmi.transport.tcp.TCPTransport$ConnectionHandler.run(TCPTransport.java:704)
	at java.base/java.util.concurrent.ThreadPoolExecutor.runWorker(ThreadPoolExecutor.java:1136)
	at java.base/java.util.concurrent.ThreadPoolExecutor$Worker.run(ThreadPoolExecutor.java:635)
	at java.base/java.lang.Thread.run(Thread.java:840)
2024-03-02 21:58:17,240 INFO org.example.quiz.domain.aspect.LoggerAspect [http-nio-8080-exec-1] BEFORE loggableMethods() 
[{}, 2, 2]
String org.example.quiz.web.controller.QuestionController.result(Model,int,int)
2024-03-02 21:58:17,350 INFO org.example.quiz.domain.aspect.LoggerAspect [http-nio-8080-exec-1] AFTER loggableMethods() 
[{quiz=Quiz(id=2, imgUrl=Csharp_Logo.png, title=C#, description=Simple c# quiz, active=true, user=User(id=4, username=123@gmail.com, password=$2a$10$J12oBKoJlyFep1ZtdPt1Mu.P0DPvIPf4jxQuIRna3uthezw7R0vwe, roles=[])), questions=[Question(id=21, quiz=Quiz(id=2, imgUrl=Csharp_Logo.png, title=C#, description=Simple c# quiz, active=true, user=User(id=4, username=123@gmail.com, password=$2a$10$J12oBKoJlyFep1ZtdPt1Mu.P0DPvIPf4jxQuIRna3uthezw7R0vwe, roles=[])), imgUrl=sddefault.jpg, title=C# is strictly typed language?, user=User(id=4, username=123@gmail.com, password=$2a$10$J12oBKoJlyFep1ZtdPt1Mu.P0DPvIPf4jxQuIRna3uthezw7R0vwe, roles=[])), Question(id=22, quiz=Quiz(id=2, imgUrl=Csharp_Logo.png, title=C#, description=Simple c# quiz, active=true, user=User(id=4, username=123@gmail.com, password=$2a$10$J12oBKoJlyFep1ZtdPt1Mu.P0DPvIPf4jxQuIRna3uthezw7R0vwe, roles=[])), imgUrl=ObamaImg.png, title=Linq don't have: select, where, max, pop, user=User(id=4, username=123@gmail.com, password=$2a$10$J12oBKoJlyFep1ZtdPt1Mu.P0DPvIPf4jxQuIRna3uthezw7R0vwe, roles=[]))], options=[Option(id=1, question=Question(id=21, quiz=Quiz(id=2, imgUrl=Csharp_Logo.png, title=C#, description=Simple c# quiz, active=true, user=User(id=4, username=123@gmail.com, password=$2a$10$J12oBKoJlyFep1ZtdPt1Mu.P0DPvIPf4jxQuIRna3uthezw7R0vwe, roles=[])), imgUrl=sddefault.jpg, title=C# is strictly typed language?, user=User(id=4, username=123@gmail.com, password=$2a$10$J12oBKoJlyFep1ZtdPt1Mu.P0DPvIPf4jxQuIRna3uthezw7R0vwe, roles=[])), imgUrl=fwfew.png, title=Yes, correct=true, user=User(id=4, username=123@gmail.com, password=$2a$10$J12oBKoJlyFep1ZtdPt1Mu.P0DPvIPf4jxQuIRna3uthezw7R0vwe, roles=[])), Option(id=2, question=Question(id=22, quiz=Quiz(id=2, imgUrl=Csharp_Logo.png, title=C#, description=Simple c# quiz, active=true, user=User(id=4, username=123@gmail.com, password=$2a$10$J12oBKoJlyFep1ZtdPt1Mu.P0DPvIPf4jxQuIRna3uthezw7R0vwe, roles=[])), imgUrl=ObamaImg.png, title=Linq don't have: select, where, max, pop, user=User(id=4, username=123@gmail.com, password=$2a$10$J12oBKoJlyFep1ZtdPt1Mu.P0DPvIPf4jxQuIRna3uthezw7R0vwe, roles=[])), imgUrl=, title=Pop, correct=true, user=User(id=4, username=123@gmail.com, password=$2a$10$J12oBKoJlyFep1ZtdPt1Mu.P0DPvIPf4jxQuIRna3uthezw7R0vwe, roles=[])), Option(id=3, question=Question(id=22, quiz=Quiz(id=2, imgUrl=Csharp_Logo.png, title=C#, description=Simple c# quiz, active=true, user=User(id=4, username=123@gmail.com, password=$2a$10$J12oBKoJlyFep1ZtdPt1Mu.P0DPvIPf4jxQuIRna3uthezw7R0vwe, roles=[])), imgUrl=ObamaImg.png, title=Linq don't have: select, where, max, pop, user=User(id=4, username=123@gmail.com, password=$2a$10$J12oBKoJlyFep1ZtdPt1Mu.P0DPvIPf4jxQuIRna3uthezw7R0vwe, roles=[])), imgUrl=, title=Where, correct=false, user=User(id=4, username=123@gmail.com, password=$2a$10$J12oBKoJlyFep1ZtdPt1Mu.P0DPvIPf4jxQuIRna3uthezw7R0vwe, roles=[])), Option(id=4, question=Question(id=22, quiz=Quiz(id=2, imgUrl=Csharp_Logo.png, title=C#, description=Simple c# quiz, active=true, user=User(id=4, username=123@gmail.com, password=$2a$10$J12oBKoJlyFep1ZtdPt1Mu.P0DPvIPf4jxQuIRna3uthezw7R0vwe, roles=[])), imgUrl=ObamaImg.png, title=Linq don't have: select, where, max, pop, user=User(id=4, username=123@gmail.com, password=$2a$10$J12oBKoJlyFep1ZtdPt1Mu.P0DPvIPf4jxQuIRna3uthezw7R0vwe, roles=[])), imgUrl=, title=Select, correct=false, user=User(id=4, username=123@gmail.com, password=$2a$10$J12oBKoJlyFep1ZtdPt1Mu.P0DPvIPf4jxQuIRna3uthezw7R0vwe, roles=[])), Option(id=5, question=Question(id=22, quiz=Quiz(id=2, imgUrl=Csharp_Logo.png, title=C#, description=Simple c# quiz, active=true, user=User(id=4, username=123@gmail.com, password=$2a$10$J12oBKoJlyFep1ZtdPt1Mu.P0DPvIPf4jxQuIRna3uthezw7R0vwe, roles=[])), imgUrl=ObamaImg.png, title=Linq don't have: select, where, max, pop, user=User(id=4, username=123@gmail.com, password=$2a$10$J12oBKoJlyFep1ZtdPt1Mu.P0DPvIPf4jxQuIRna3uthezw7R0vwe, roles=[])), imgUrl=, title=Max, correct=false, user=User(id=4, username=123@gmail.com, password=$2a$10$J12oBKoJlyFep1ZtdPt1Mu.P0DPvIPf4jxQuIRna3uthezw7R0vwe, roles=[])), Option(id=6, question=Question(id=21, quiz=Quiz(id=2, imgUrl=Csharp_Logo.png, title=C#, description=Simple c# quiz, active=true, user=User(id=4, username=123@gmail.com, password=$2a$10$J12oBKoJlyFep1ZtdPt1Mu.P0DPvIPf4jxQuIRna3uthezw7R0vwe, roles=[])), imgUrl=sddefault.jpg, title=C# is strictly typed language?, user=User(id=4, username=123@gmail.com, password=$2a$10$J12oBKoJlyFep1ZtdPt1Mu.P0DPvIPf4jxQuIRna3uthezw7R0vwe, roles=[])), imgUrl=, title=No, correct=false, user=User(id=4, username=123@gmail.com, password=$2a$10$J12oBKoJlyFep1ZtdPt1Mu.P0DPvIPf4jxQuIRna3uthezw7R0vwe, roles=[])), Option(id=7, question=Question(id=21, quiz=Quiz(id=2, imgUrl=Csharp_Logo.png, title=C#, description=Simple c# quiz, active=true, user=User(id=4, username=123@gmail.com, password=$2a$10$J12oBKoJlyFep1ZtdPt1Mu.P0DPvIPf4jxQuIRna3uthezw7R0vwe, roles=[])), imgUrl=sddefault.jpg, title=C# is strictly typed language?, user=User(id=4, username=123@gmail.com, password=$2a$10$J12oBKoJlyFep1ZtdPt1Mu.P0DPvIPf4jxQuIRna3uthezw7R0vwe, roles=[])), imgUrl=null, title=Idk, correct=false, user=User(id=4, username=123@gmail.com, password=$2a$10$J12oBKoJlyFep1ZtdPt1Mu.P0DPvIPf4jxQuIRna3uthezw7R0vwe, roles=[])), Option(id=8, question=Question(id=21, quiz=Quiz(id=2, imgUrl=Csharp_Logo.png, title=C#, description=Simple c# quiz, active=true, user=User(id=4, username=123@gmail.com, password=$2a$10$J12oBKoJlyFep1ZtdPt1Mu.P0DPvIPf4jxQuIRna3uthezw7R0vwe, roles=[])), imgUrl=sddefault.jpg, title=C# is strictly typed language?, user=User(id=4, username=123@gmail.com, password=$2a$10$J12oBKoJlyFep1ZtdPt1Mu.P0DPvIPf4jxQuIRna3uthezw7R0vwe, roles=[])), imgUrl=null, title=I don't want to know this!!!, correct=false, user=User(id=4, username=123@gmail.com, password=$2a$10$J12oBKoJlyFep1ZtdPt1Mu.P0DPvIPf4jxQuIRna3uthezw7R0vwe, roles=[]))], answers=[Answer(id=16, option=Option(id=6, question=Question(id=21, quiz=Quiz(id=2, imgUrl=Csharp_Logo.png, title=C#, description=Simple c# quiz, active=true, user=User(id=4, username=123@gmail.com, password=$2a$10$J12oBKoJlyFep1ZtdPt1Mu.P0DPvIPf4jxQuIRna3uthezw7R0vwe, roles=[])), imgUrl=sddefault.jpg, title=C# is strictly typed language?, user=User(id=4, username=123@gmail.com, password=$2a$10$J12oBKoJlyFep1ZtdPt1Mu.P0DPvIPf4jxQuIRna3uthezw7R0vwe, roles=[])), imgUrl=, title=No, correct=false, user=User(id=4, username=123@gmail.com, password=$2a$10$J12oBKoJlyFep1ZtdPt1Mu.P0DPvIPf4jxQuIRna3uthezw7R0vwe, roles=[])), result=Result(id=2, user=User(id=4, username=123@gmail.com, password=$2a$10$J12oBKoJlyFep1ZtdPt1Mu.P0DPvIPf4jxQuIRna3uthezw7R0vwe, roles=[])), user=User(id=4, username=123@gmail.com, password=$2a$10$J12oBKoJlyFep1ZtdPt1Mu.P0DPvIPf4jxQuIRna3uthezw7R0vwe, roles=[])), Answer(id=17, option=Option(id=4, question=Question(id=22, quiz=Quiz(id=2, imgUrl=Csharp_Logo.png, title=C#, description=Simple c# quiz, active=true, user=User(id=4, username=123@gmail.com, password=$2a$10$J12oBKoJlyFep1ZtdPt1Mu.P0DPvIPf4jxQuIRna3uthezw7R0vwe, roles=[])), imgUrl=ObamaImg.png, title=Linq don't have: select, where, max, pop, user=User(id=4, username=123@gmail.com, password=$2a$10$J12oBKoJlyFep1ZtdPt1Mu.P0DPvIPf4jxQuIRna3uthezw7R0vwe, roles=[])), imgUrl=, title=Select, correct=false, user=User(id=4, username=123@gmail.com, password=$2a$10$J12oBKoJlyFep1ZtdPt1Mu.P0DPvIPf4jxQuIRna3uthezw7R0vwe, roles=[])), result=Result(id=2, user=User(id=4, username=123@gmail.com, password=$2a$10$J12oBKoJlyFep1ZtdPt1Mu.P0DPvIPf4jxQuIRna3uthezw7R0vwe, roles=[])), user=User(id=4, username=123@gmail.com, password=$2a$10$J12oBKoJlyFep1ZtdPt1Mu.P0DPvIPf4jxQuIRna3uthezw7R0vwe, roles=[]))], correctAnswers=java.util.stream.ReferencePipeline$2@2841fea8}, 2, 2]
String org.example.quiz.web.controller.QuestionController.result(Model,int,int)
2024-03-02 21:58:17,579 WARN org.thymeleaf.standard.processor.AbstractStandardFragmentInsertionTagProcessor [http-nio-8080-exec-1] [THYMELEAF][http-nio-8080-exec-1][result] Deprecated unwrapped fragment expression "/fragments/layout::nav" found in template result, line 33, col 6. Please use the complete syntax of fragment expressions instead ("~{/fragments/layout::nav}"). The old, unwrapped syntax for fragment expressions will be removed in future versions of Thymeleaf.
2024-03-02 21:58:32,447 INFO org.springframework.orm.jpa.LocalContainerEntityManagerFactoryBean [SpringApplicationShutdownHook] Closing JPA EntityManagerFactory for persistence unit 'default'
2024-03-02 21:58:32,450 INFO com.zaxxer.hikari.HikariDataSource [SpringApplicationShutdownHook] HikariPool-1 - Shutdown initiated...
2024-03-02 21:58:32,457 INFO com.zaxxer.hikari.HikariDataSource [SpringApplicationShutdownHook] HikariPool-1 - Shutdown completed.
