2024-03-02 22:38:09,871 INFO org.example.quiz.QuizApplication [restartedMain] Starting QuizApplication using Java 17.0.9 with PID 2536 (F:\JavaProjects\Jsp\Quiz\target\classes started by Rest.IQ in F:\JavaProjects\Jsp\Quiz)
2024-03-02 22:38:09,875 INFO org.example.quiz.QuizApplication [restartedMain] No active profile set, falling back to 1 default profile: "default"
2024-03-02 22:38:09,921 INFO org.springframework.boot.devtools.env.DevToolsPropertyDefaultsPostProcessor [restartedMain] Devtools property defaults active! Set 'spring.devtools.add-properties' to 'false' to disable
2024-03-02 22:38:09,921 INFO org.springframework.boot.devtools.env.DevToolsPropertyDefaultsPostProcessor [restartedMain] For additional web related logging consider setting the 'logging.level.web' property to 'DEBUG'
2024-03-02 22:38:10,969 INFO org.springframework.data.repository.config.RepositoryConfigurationDelegate [restartedMain] Bootstrapping Spring Data JPA repositories in DEFAULT mode.
2024-03-02 22:38:11,041 INFO org.springframework.data.repository.config.RepositoryConfigurationDelegate [restartedMain] Finished Spring Data repository scanning in 63 ms. Found 6 JPA repository interfaces.
2024-03-02 22:38:11,900 INFO org.springframework.boot.web.embedded.tomcat.TomcatWebServer [restartedMain] Tomcat initialized with port 8080 (http)
2024-03-02 22:38:11,911 INFO org.apache.catalina.core.StandardService [restartedMain] Starting service [Tomcat]
2024-03-02 22:38:11,911 INFO org.apache.catalina.core.StandardEngine [restartedMain] Starting Servlet engine: [Apache Tomcat/10.1.18]
2024-03-02 22:38:11,971 INFO org.apache.catalina.core.ContainerBase.[Tomcat].[localhost].[/] [restartedMain] Initializing Spring embedded WebApplicationContext
2024-03-02 22:38:11,971 INFO org.springframework.boot.web.servlet.context.ServletWebServerApplicationContext [restartedMain] Root WebApplicationContext: initialization completed in 2049 ms
2024-03-02 22:38:12,329 INFO org.hibernate.jpa.internal.util.LogHelper [restartedMain] HHH000204: Processing PersistenceUnitInfo [name: default]
2024-03-02 22:38:12,411 INFO org.hibernate.Version [restartedMain] HHH000412: Hibernate ORM core version 6.4.1.Final
2024-03-02 22:38:12,453 INFO org.hibernate.cache.internal.RegionFactoryInitiator [restartedMain] HHH000026: Second-level cache disabled
2024-03-02 22:38:12,729 INFO org.springframework.orm.jpa.persistenceunit.SpringPersistenceUnitInfo [restartedMain] No LoadTimeWeaver setup: ignoring JPA class transformer
2024-03-02 22:38:12,759 INFO com.zaxxer.hikari.HikariDataSource [restartedMain] HikariPool-1 - Starting...
2024-03-02 22:38:13,167 INFO com.zaxxer.hikari.pool.HikariPool [restartedMain] HikariPool-1 - Added connection com.mysql.cj.jdbc.ConnectionImpl@38743528
2024-03-02 22:38:13,169 INFO com.zaxxer.hikari.HikariDataSource [restartedMain] HikariPool-1 - Start completed.
2024-03-02 22:38:14,365 INFO org.hibernate.engine.transaction.jta.platform.internal.JtaPlatformInitiator [restartedMain] HHH000489: No JTA platform available (set 'hibernate.transaction.jta.platform' to enable JTA platform integration)
2024-03-02 22:38:14,529 INFO org.springframework.orm.jpa.LocalContainerEntityManagerFactoryBean [restartedMain] Initialized JPA EntityManagerFactory for persistence unit 'default'
2024-03-02 22:38:15,128 WARN org.springframework.boot.autoconfigure.orm.jpa.JpaBaseConfiguration$JpaWebConfiguration [restartedMain] spring.jpa.open-in-view is enabled by default. Therefore, database queries may be performed during view rendering. Explicitly configure spring.jpa.open-in-view to disable this warning
2024-03-02 22:38:15,666 INFO org.springframework.boot.actuate.endpoint.web.EndpointLinksResolver [restartedMain] Exposing 1 endpoint(s) beneath base path '/actuator'
2024-03-02 22:38:15,762 INFO org.springframework.security.web.DefaultSecurityFilterChain [restartedMain] Will secure any request with [org.springframework.security.web.session.DisableEncodeUrlFilter@29badad0, org.springframework.security.web.context.request.async.WebAsyncManagerIntegrationFilter@1864786b, org.springframework.security.web.context.SecurityContextHolderFilter@7f0c6e04, org.springframework.security.web.header.HeaderWriterFilter@457c2035, org.springframework.web.filter.CorsFilter@2e9db6b6, org.springframework.security.web.authentication.logout.LogoutFilter@65aefc0, org.springframework.security.web.authentication.UsernamePasswordAuthenticationFilter@6ca02f9a, org.springframework.security.web.savedrequest.RequestCacheAwareFilter@1b1820b7, org.springframework.security.web.servletapi.SecurityContextHolderAwareRequestFilter@22a831ab, org.springframework.security.web.authentication.rememberme.RememberMeAuthenticationFilter@6f82c88d, org.springframework.security.web.authentication.AnonymousAuthenticationFilter@4adcdb68, org.springframework.security.web.session.SessionManagementFilter@7be2e836, org.springframework.security.web.access.ExceptionTranslationFilter@5539f213, org.springframework.security.web.access.intercept.AuthorizationFilter@69c0b58a]
2024-03-02 22:38:16,300 INFO org.springframework.boot.devtools.autoconfigure.OptionalLiveReloadServer [restartedMain] LiveReload server is running on port 35729
2024-03-02 22:38:16,381 INFO org.springframework.boot.web.embedded.tomcat.TomcatWebServer [restartedMain] Tomcat started on port 8080 (http) with context path ''
2024-03-02 22:38:16,398 INFO org.example.quiz.QuizApplication [restartedMain] Started QuizApplication in 6.903 seconds (process running for 7.924)
2024-03-02 22:38:16,977 INFO org.apache.catalina.core.ContainerBase.[Tomcat].[localhost].[/] [RMI TCP Connection(1)-192.168.56.1] Initializing Spring DispatcherServlet 'dispatcherServlet'
2024-03-02 22:38:16,977 INFO org.springframework.web.servlet.DispatcherServlet [RMI TCP Connection(1)-192.168.56.1] Initializing Servlet 'dispatcherServlet'
2024-03-02 22:38:16,979 INFO org.springframework.web.servlet.DispatcherServlet [RMI TCP Connection(1)-192.168.56.1] Completed initialization in 1 ms
2024-03-02 22:38:17,004 WARN org.springframework.boot.actuate.mail.MailHealthIndicator [RMI TCP Connection(2)-192.168.56.1] Mail health check failed
jakarta.mail.AuthenticationFailedException: failed to connect, no password specified?
	at jakarta.mail.Service.connect(Service.java:379)
	at org.springframework.mail.javamail.JavaMailSenderImpl.connectTransport(JavaMailSenderImpl.java:480)
	at org.springframework.mail.javamail.JavaMailSenderImpl.testConnection(JavaMailSenderImpl.java:360)
	at org.springframework.boot.actuate.mail.MailHealthIndicator.doHealthCheck(MailHealthIndicator.java:52)
	at org.springframework.boot.actuate.health.AbstractHealthIndicator.health(AbstractHealthIndicator.java:82)
	at org.springframework.boot.actuate.health.HealthIndicator.getHealth(HealthIndicator.java:37)
	at org.springframework.boot.actuate.health.HealthEndpoint.getHealth(HealthEndpoint.java:82)
	at org.springframework.boot.actuate.health.HealthEndpoint.getHealth(HealthEndpoint.java:41)
	at org.springframework.boot.actuate.health.HealthEndpointSupport.getLoggedHealth(HealthEndpointSupport.java:172)
	at org.springframework.boot.actuate.health.HealthEndpointSupport.getContribution(HealthEndpointSupport.java:145)
	at org.springframework.boot.actuate.health.HealthEndpointSupport.getAggregateContribution(HealthEndpointSupport.java:156)
	at org.springframework.boot.actuate.health.HealthEndpointSupport.getContribution(HealthEndpointSupport.java:141)
	at org.springframework.boot.actuate.health.HealthEndpointSupport.getHealth(HealthEndpointSupport.java:110)
	at org.springframework.boot.actuate.health.HealthEndpointSupport.getHealth(HealthEndpointSupport.java:81)
	at org.springframework.boot.actuate.health.HealthEndpoint.health(HealthEndpoint.java:76)
	at org.springframework.boot.actuate.health.HealthEndpoint.health(HealthEndpoint.java:66)
	at java.base/jdk.internal.reflect.NativeMethodAccessorImpl.invoke0(Native Method)
	at java.base/jdk.internal.reflect.NativeMethodAccessorImpl.invoke(NativeMethodAccessorImpl.java:77)
	at java.base/jdk.internal.reflect.DelegatingMethodAccessorImpl.invoke(DelegatingMethodAccessorImpl.java:43)
	at java.base/java.lang.reflect.Method.invoke(Method.java:568)
	at org.springframework.util.ReflectionUtils.invokeMethod(ReflectionUtils.java:281)
	at org.springframework.boot.actuate.endpoint.invoke.reflect.ReflectiveOperationInvoker.invoke(ReflectiveOperationInvoker.java:74)
	at org.springframework.boot.actuate.endpoint.annotation.AbstractDiscoveredOperation.invoke(AbstractDiscoveredOperation.java:60)
	at org.springframework.boot.actuate.endpoint.jmx.EndpointMBean.invoke(EndpointMBean.java:124)
	at org.springframework.boot.actuate.endpoint.jmx.EndpointMBean.invoke(EndpointMBean.java:97)
	at java.management/com.sun.jmx.interceptor.DefaultMBeanServerInterceptor.invoke(DefaultMBeanServerInterceptor.java:814)
	at java.management/com.sun.jmx.mbeanserver.JmxMBeanServer.invoke(JmxMBeanServer.java:802)
	at java.management.rmi/javax.management.remote.rmi.RMIConnectionImpl.doOperation(RMIConnectionImpl.java:1472)
	at java.management.rmi/javax.management.remote.rmi.RMIConnectionImpl$PrivilegedOperation.run(RMIConnectionImpl.java:1310)
	at java.management.rmi/javax.management.remote.rmi.RMIConnectionImpl.doPrivilegedOperation(RMIConnectionImpl.java:1405)
	at java.management.rmi/javax.management.remote.rmi.RMIConnectionImpl.invoke(RMIConnectionImpl.java:829)
	at java.base/jdk.internal.reflect.GeneratedMethodAccessor35.invoke(Unknown Source)
	at java.base/jdk.internal.reflect.DelegatingMethodAccessorImpl.invoke(DelegatingMethodAccessorImpl.java:43)
	at java.base/java.lang.reflect.Method.invoke(Method.java:568)
	at java.rmi/sun.rmi.server.UnicastServerRef.dispatch(UnicastServerRef.java:360)
	at java.rmi/sun.rmi.transport.Transport$1.run(Transport.java:200)
	at java.rmi/sun.rmi.transport.Transport$1.run(Transport.java:197)
	at java.base/java.security.AccessController.doPrivileged(AccessController.java:712)
	at java.rmi/sun.rmi.transport.Transport.serviceCall(Transport.java:196)
	at java.rmi/sun.rmi.transport.tcp.TCPTransport.handleMessages(TCPTransport.java:587)
	at java.rmi/sun.rmi.transport.tcp.TCPTransport$ConnectionHandler.run0(TCPTransport.java:828)
	at java.rmi/sun.rmi.transport.tcp.TCPTransport$ConnectionHandler.lambda$run$0(TCPTransport.java:705)
	at java.base/java.security.AccessController.doPrivileged(AccessController.java:399)
	at java.rmi/sun.rmi.transport.tcp.TCPTransport$ConnectionHandler.run(TCPTransport.java:704)
	at java.base/java.util.concurrent.ThreadPoolExecutor.runWorker(ThreadPoolExecutor.java:1136)
	at java.base/java.util.concurrent.ThreadPoolExecutor$Worker.run(ThreadPoolExecutor.java:635)
	at java.base/java.lang.Thread.run(Thread.java:840)
2024-03-02 22:38:19,703 INFO org.example.quiz.domain.aspect.LoggerAspect [http-nio-8080-exec-1] BEFORE loggableMethods() 
[{}, 2, 2]
String org.example.quiz.web.controller.QuestionController.result(Model,int,int)
2024-03-02 22:38:19,794 INFO org.example.quiz.domain.aspect.LoggerAspect [http-nio-8080-exec-1] AFTER loggableMethods() 
[{quiz=Quiz(id=2, imgUrl=Csharp_Logo.png, title=C#, description=Simple c# quiz, active=true, user=User(id=4, username=123@gmail.com, password=$2a$10$J12oBKoJlyFep1ZtdPt1Mu.P0DPvIPf4jxQuIRna3uthezw7R0vwe, roles=[])), questions=[Question(id=21, quiz=Quiz(id=2, imgUrl=Csharp_Logo.png, title=C#, description=Simple c# quiz, active=true, user=User(id=4, username=123@gmail.com, password=$2a$10$J12oBKoJlyFep1ZtdPt1Mu.P0DPvIPf4jxQuIRna3uthezw7R0vwe, roles=[])), imgUrl=sddefault.jpg, title=C# is strictly typed language?, user=User(id=4, username=123@gmail.com, password=$2a$10$J12oBKoJlyFep1ZtdPt1Mu.P0DPvIPf4jxQuIRna3uthezw7R0vwe, roles=[])), Question(id=22, quiz=Quiz(id=2, imgUrl=Csharp_Logo.png, title=C#, description=Simple c# quiz, active=true, user=User(id=4, username=123@gmail.com, password=$2a$10$J12oBKoJlyFep1ZtdPt1Mu.P0DPvIPf4jxQuIRna3uthezw7R0vwe, roles=[])), imgUrl=ObamaImg.png, title=Linq don't have: select, where, max, pop, user=User(id=4, username=123@gmail.com, password=$2a$10$J12oBKoJlyFep1ZtdPt1Mu.P0DPvIPf4jxQuIRna3uthezw7R0vwe, roles=[]))], options=[Option(id=1, question=Question(id=21, quiz=Quiz(id=2, imgUrl=Csharp_Logo.png, title=C#, description=Simple c# quiz, active=true, user=User(id=4, username=123@gmail.com, password=$2a$10$J12oBKoJlyFep1ZtdPt1Mu.P0DPvIPf4jxQuIRna3uthezw7R0vwe, roles=[])), imgUrl=sddefault.jpg, title=C# is strictly typed language?, user=User(id=4, username=123@gmail.com, password=$2a$10$J12oBKoJlyFep1ZtdPt1Mu.P0DPvIPf4jxQuIRna3uthezw7R0vwe, roles=[])), imgUrl=fwfew.png, title=Yes, correct=true, user=User(id=4, username=123@gmail.com, password=$2a$10$J12oBKoJlyFep1ZtdPt1Mu.P0DPvIPf4jxQuIRna3uthezw7R0vwe, roles=[])), Option(id=2, question=Question(id=22, quiz=Quiz(id=2, imgUrl=Csharp_Logo.png, title=C#, description=Simple c# quiz, active=true, user=User(id=4, username=123@gmail.com, password=$2a$10$J12oBKoJlyFep1ZtdPt1Mu.P0DPvIPf4jxQuIRna3uthezw7R0vwe, roles=[])), imgUrl=ObamaImg.png, title=Linq don't have: select, where, max, pop, user=User(id=4, username=123@gmail.com, password=$2a$10$J12oBKoJlyFep1ZtdPt1Mu.P0DPvIPf4jxQuIRna3uthezw7R0vwe, roles=[])), imgUrl=, title=Pop, correct=true, user=User(id=4, username=123@gmail.com, password=$2a$10$J12oBKoJlyFep1ZtdPt1Mu.P0DPvIPf4jxQuIRna3uthezw7R0vwe, roles=[])), Option(id=3, question=Question(id=22, quiz=Quiz(id=2, imgUrl=Csharp_Logo.png, title=C#, description=Simple c# quiz, active=true, user=User(id=4, username=123@gmail.com, password=$2a$10$J12oBKoJlyFep1ZtdPt1Mu.P0DPvIPf4jxQuIRna3uthezw7R0vwe, roles=[])), imgUrl=ObamaImg.png, title=Linq don't have: select, where, max, pop, user=User(id=4, username=123@gmail.com, password=$2a$10$J12oBKoJlyFep1ZtdPt1Mu.P0DPvIPf4jxQuIRna3uthezw7R0vwe, roles=[])), imgUrl=, title=Where, correct=false, user=User(id=4, username=123@gmail.com, password=$2a$10$J12oBKoJlyFep1ZtdPt1Mu.P0DPvIPf4jxQuIRna3uthezw7R0vwe, roles=[])), Option(id=4, question=Question(id=22, quiz=Quiz(id=2, imgUrl=Csharp_Logo.png, title=C#, description=Simple c# quiz, active=true, user=User(id=4, username=123@gmail.com, password=$2a$10$J12oBKoJlyFep1ZtdPt1Mu.P0DPvIPf4jxQuIRna3uthezw7R0vwe, roles=[])), imgUrl=ObamaImg.png, title=Linq don't have: select, where, max, pop, user=User(id=4, username=123@gmail.com, password=$2a$10$J12oBKoJlyFep1ZtdPt1Mu.P0DPvIPf4jxQuIRna3uthezw7R0vwe, roles=[])), imgUrl=, title=Select, correct=false, user=User(id=4, username=123@gmail.com, password=$2a$10$J12oBKoJlyFep1ZtdPt1Mu.P0DPvIPf4jxQuIRna3uthezw7R0vwe, roles=[])), Option(id=5, question=Question(id=22, quiz=Quiz(id=2, imgUrl=Csharp_Logo.png, title=C#, description=Simple c# quiz, active=true, user=User(id=4, username=123@gmail.com, password=$2a$10$J12oBKoJlyFep1ZtdPt1Mu.P0DPvIPf4jxQuIRna3uthezw7R0vwe, roles=[])), imgUrl=ObamaImg.png, title=Linq don't have: select, where, max, pop, user=User(id=4, username=123@gmail.com, password=$2a$10$J12oBKoJlyFep1ZtdPt1Mu.P0DPvIPf4jxQuIRna3uthezw7R0vwe, roles=[])), imgUrl=, title=Max, correct=false, user=User(id=4, username=123@gmail.com, password=$2a$10$J12oBKoJlyFep1ZtdPt1Mu.P0DPvIPf4jxQuIRna3uthezw7R0vwe, roles=[])), Option(id=6, question=Question(id=21, quiz=Quiz(id=2, imgUrl=Csharp_Logo.png, title=C#, description=Simple c# quiz, active=true, user=User(id=4, username=123@gmail.com, password=$2a$10$J12oBKoJlyFep1ZtdPt1Mu.P0DPvIPf4jxQuIRna3uthezw7R0vwe, roles=[])), imgUrl=sddefault.jpg, title=C# is strictly typed language?, user=User(id=4, username=123@gmail.com, password=$2a$10$J12oBKoJlyFep1ZtdPt1Mu.P0DPvIPf4jxQuIRna3uthezw7R0vwe, roles=[])), imgUrl=, title=No, correct=false, user=User(id=4, username=123@gmail.com, password=$2a$10$J12oBKoJlyFep1ZtdPt1Mu.P0DPvIPf4jxQuIRna3uthezw7R0vwe, roles=[])), Option(id=7, question=Question(id=21, quiz=Quiz(id=2, imgUrl=Csharp_Logo.png, title=C#, description=Simple c# quiz, active=true, user=User(id=4, username=123@gmail.com, password=$2a$10$J12oBKoJlyFep1ZtdPt1Mu.P0DPvIPf4jxQuIRna3uthezw7R0vwe, roles=[])), imgUrl=sddefault.jpg, title=C# is strictly typed language?, user=User(id=4, username=123@gmail.com, password=$2a$10$J12oBKoJlyFep1ZtdPt1Mu.P0DPvIPf4jxQuIRna3uthezw7R0vwe, roles=[])), imgUrl=null, title=Idk, correct=false, user=User(id=4, username=123@gmail.com, password=$2a$10$J12oBKoJlyFep1ZtdPt1Mu.P0DPvIPf4jxQuIRna3uthezw7R0vwe, roles=[])), Option(id=8, question=Question(id=21, quiz=Quiz(id=2, imgUrl=Csharp_Logo.png, title=C#, description=Simple c# quiz, active=true, user=User(id=4, username=123@gmail.com, password=$2a$10$J12oBKoJlyFep1ZtdPt1Mu.P0DPvIPf4jxQuIRna3uthezw7R0vwe, roles=[])), imgUrl=sddefault.jpg, title=C# is strictly typed language?, user=User(id=4, username=123@gmail.com, password=$2a$10$J12oBKoJlyFep1ZtdPt1Mu.P0DPvIPf4jxQuIRna3uthezw7R0vwe, roles=[])), imgUrl=null, title=I don't want to know this!!!, correct=false, user=User(id=4, username=123@gmail.com, password=$2a$10$J12oBKoJlyFep1ZtdPt1Mu.P0DPvIPf4jxQuIRna3uthezw7R0vwe, roles=[]))], answers=[Answer(id=16, option=Option(id=6, question=Question(id=21, quiz=Quiz(id=2, imgUrl=Csharp_Logo.png, title=C#, description=Simple c# quiz, active=true, user=User(id=4, username=123@gmail.com, password=$2a$10$J12oBKoJlyFep1ZtdPt1Mu.P0DPvIPf4jxQuIRna3uthezw7R0vwe, roles=[])), imgUrl=sddefault.jpg, title=C# is strictly typed language?, user=User(id=4, username=123@gmail.com, password=$2a$10$J12oBKoJlyFep1ZtdPt1Mu.P0DPvIPf4jxQuIRna3uthezw7R0vwe, roles=[])), imgUrl=, title=No, correct=false, user=User(id=4, username=123@gmail.com, password=$2a$10$J12oBKoJlyFep1ZtdPt1Mu.P0DPvIPf4jxQuIRna3uthezw7R0vwe, roles=[])), result=Result(id=2, user=User(id=4, username=123@gmail.com, password=$2a$10$J12oBKoJlyFep1ZtdPt1Mu.P0DPvIPf4jxQuIRna3uthezw7R0vwe, roles=[])), user=User(id=4, username=123@gmail.com, password=$2a$10$J12oBKoJlyFep1ZtdPt1Mu.P0DPvIPf4jxQuIRna3uthezw7R0vwe, roles=[])), Answer(id=17, option=Option(id=4, question=Question(id=22, quiz=Quiz(id=2, imgUrl=Csharp_Logo.png, title=C#, description=Simple c# quiz, active=true, user=User(id=4, username=123@gmail.com, password=$2a$10$J12oBKoJlyFep1ZtdPt1Mu.P0DPvIPf4jxQuIRna3uthezw7R0vwe, roles=[])), imgUrl=ObamaImg.png, title=Linq don't have: select, where, max, pop, user=User(id=4, username=123@gmail.com, password=$2a$10$J12oBKoJlyFep1ZtdPt1Mu.P0DPvIPf4jxQuIRna3uthezw7R0vwe, roles=[])), imgUrl=, title=Select, correct=false, user=User(id=4, username=123@gmail.com, password=$2a$10$J12oBKoJlyFep1ZtdPt1Mu.P0DPvIPf4jxQuIRna3uthezw7R0vwe, roles=[])), result=Result(id=2, user=User(id=4, username=123@gmail.com, password=$2a$10$J12oBKoJlyFep1ZtdPt1Mu.P0DPvIPf4jxQuIRna3uthezw7R0vwe, roles=[])), user=User(id=4, username=123@gmail.com, password=$2a$10$J12oBKoJlyFep1ZtdPt1Mu.P0DPvIPf4jxQuIRna3uthezw7R0vwe, roles=[]))], correctAnswers=java.util.stream.ReferencePipeline$2@7c310276}, 2, 2]
String org.example.quiz.web.controller.QuestionController.result(Model,int,int)
2024-03-02 22:38:19,993 WARN org.thymeleaf.standard.processor.AbstractStandardFragmentInsertionTagProcessor [http-nio-8080-exec-1] [THYMELEAF][http-nio-8080-exec-1][result] Deprecated unwrapped fragment expression "/fragments/layout::nav" found in template result, line 33, col 6. Please use the complete syntax of fragment expressions instead ("~{/fragments/layout::nav}"). The old, unwrapped syntax for fragment expressions will be removed in future versions of Thymeleaf.
2024-03-02 22:38:21,020 INFO org.example.quiz.domain.aspect.LoggerAspect [http-nio-8080-exec-2] BEFORE loggableMethods() 
[{}]
String org.example.quiz.web.controller.QuizController.getAllQuizzes(Model)
2024-03-02 22:38:21,030 INFO org.example.quiz.domain.aspect.LoggerAspect [http-nio-8080-exec-2] AFTER loggableMethods() 
[{quizzes=java.util.stream.ReferencePipeline$2@4116384c}]
String org.example.quiz.web.controller.QuizController.getAllQuizzes(Model)
2024-03-02 22:38:21,033 WARN org.thymeleaf.standard.processor.AbstractStandardFragmentInsertionTagProcessor [http-nio-8080-exec-2] [THYMELEAF][http-nio-8080-exec-2][quiz/quizzes] Deprecated unwrapped fragment expression "/fragments/layout::nav" found in template quiz/quizzes, line 11, col 6. Please use the complete syntax of fragment expressions instead ("~{/fragments/layout::nav}"). The old, unwrapped syntax for fragment expressions will be removed in future versions of Thymeleaf.
2024-03-02 22:38:21,170 INFO org.example.quiz.domain.aspect.LoggerAspect [http-nio-8080-exec-5] BEFORE loggableMethods() 
[org.example.quiz.domain.entity.RequestUserEmail@125120e3]
boolean org.example.quiz.web.controller.QuestionController.createUser(RequestUserEmail)
2024-03-02 22:38:21,174 INFO org.example.quiz.domain.aspect.LoggerAspect [http-nio-8080-exec-5] AFTER loggableMethods() 
[org.example.quiz.domain.entity.RequestUserEmail@125120e3]
boolean org.example.quiz.web.controller.QuestionController.createUser(RequestUserEmail)
2024-03-02 22:38:21,178 ERROR org.apache.catalina.core.ContainerBase.[Tomcat].[localhost].[/].[dispatcherServlet] [http-nio-8080-exec-5] Servlet.service() for servlet [dispatcherServlet] in context with path [] threw exception [Request processing failed: java.lang.IllegalArgumentException: Unknown return value type: java.lang.Boolean] with root cause
java.lang.IllegalArgumentException: Unknown return value type: java.lang.Boolean
	at org.springframework.web.method.support.HandlerMethodReturnValueHandlerComposite.handleReturnValue(HandlerMethodReturnValueHandlerComposite.java:76)
	at org.springframework.web.servlet.mvc.method.annotation.ServletInvocableHandlerMethod.invokeAndHandle(ServletInvocableHandlerMethod.java:136)
	at org.springframework.web.servlet.mvc.method.annotation.RequestMappingHandlerAdapter.invokeHandlerMethod(RequestMappingHandlerAdapter.java:917)
	at org.springframework.web.servlet.mvc.method.annotation.RequestMappingHandlerAdapter.handleInternal(RequestMappingHandlerAdapter.java:829)
	at org.springframework.web.servlet.mvc.method.AbstractHandlerMethodAdapter.handle(AbstractHandlerMethodAdapter.java:87)
	at org.springframework.web.servlet.DispatcherServlet.doDispatch(DispatcherServlet.java:1089)
	at org.springframework.web.servlet.DispatcherServlet.doService(DispatcherServlet.java:979)
	at org.springframework.web.servlet.FrameworkServlet.processRequest(FrameworkServlet.java:1014)
	at org.springframework.web.servlet.FrameworkServlet.doPost(FrameworkServlet.java:914)
	at jakarta.servlet.http.HttpServlet.service(HttpServlet.java:590)
	at org.springframework.web.servlet.FrameworkServlet.service(FrameworkServlet.java:885)
	at jakarta.servlet.http.HttpServlet.service(HttpServlet.java:658)
	at org.apache.catalina.core.ApplicationFilterChain.internalDoFilter(ApplicationFilterChain.java:205)
	at org.apache.catalina.core.ApplicationFilterChain.doFilter(ApplicationFilterChain.java:149)
	at org.apache.tomcat.websocket.server.WsFilter.doFilter(WsFilter.java:51)
	at org.apache.catalina.core.ApplicationFilterChain.internalDoFilter(ApplicationFilterChain.java:174)
	at org.apache.catalina.core.ApplicationFilterChain.doFilter(ApplicationFilterChain.java:149)
	at org.springframework.web.filter.CompositeFilter$VirtualFilterChain.doFilter(CompositeFilter.java:108)
	at org.springframework.security.web.FilterChainProxy.lambda$doFilterInternal$3(FilterChainProxy.java:231)
	at org.springframework.security.web.ObservationFilterChainDecorator$FilterObservation$SimpleFilterObservation.lambda$wrap$1(ObservationFilterChainDecorator.java:479)
	at org.springframework.security.web.ObservationFilterChainDecorator$AroundFilterObservation$SimpleAroundFilterObservation.lambda$wrap$1(ObservationFilterChainDecorator.java:340)
	at org.springframework.security.web.ObservationFilterChainDecorator.lambda$wrapSecured$0(ObservationFilterChainDecorator.java:82)
	at org.springframework.security.web.ObservationFilterChainDecorator$VirtualFilterChain.doFilter(ObservationFilterChainDecorator.java:128)
	at org.springframework.security.web.access.intercept.AuthorizationFilter.doFilter(AuthorizationFilter.java:100)
	at org.springframework.security.web.ObservationFilterChainDecorator$ObservationFilter.wrapFilter(ObservationFilterChainDecorator.java:240)
	at org.springframework.security.web.ObservationFilterChainDecorator$ObservationFilter.doFilter(ObservationFilterChainDecorator.java:227)
	at org.springframework.security.web.ObservationFilterChainDecorator$VirtualFilterChain.doFilter(ObservationFilterChainDecorator.java:137)
	at org.springframework.security.web.access.ExceptionTranslationFilter.doFilter(ExceptionTranslationFilter.java:126)
	at org.springframework.security.web.access.ExceptionTranslationFilter.doFilter(ExceptionTranslationFilter.java:120)
	at org.springframework.security.web.ObservationFilterChainDecorator$ObservationFilter.wrapFilter(ObservationFilterChainDecorator.java:240)
	at org.springframework.security.web.ObservationFilterChainDecorator$ObservationFilter.doFilter(ObservationFilterChainDecorator.java:227)
	at org.springframework.security.web.ObservationFilterChainDecorator$VirtualFilterChain.doFilter(ObservationFilterChainDecorator.java:137)
	at org.springframework.security.web.session.SessionManagementFilter.doFilter(SessionManagementFilter.java:131)
	at org.springframework.security.web.session.SessionManagementFilter.doFilter(SessionManagementFilter.java:85)
	at org.springframework.security.web.ObservationFilterChainDecorator$ObservationFilter.wrapFilter(ObservationFilterChainDecorator.java:240)
	at org.springframework.security.web.ObservationFilterChainDecorator$ObservationFilter.doFilter(ObservationFilterChainDecorator.java:227)
	at org.springframework.security.web.ObservationFilterChainDecorator$VirtualFilterChain.doFilter(ObservationFilterChainDecorator.java:137)
	at org.springframework.security.web.authentication.AnonymousAuthenticationFilter.doFilter(AnonymousAuthenticationFilter.java:100)
	at org.springframework.security.web.ObservationFilterChainDecorator$ObservationFilter.wrapFilter(ObservationFilterChainDecorator.java:240)
	at org.springframework.security.web.ObservationFilterChainDecorator$ObservationFilter.doFilter(ObservationFilterChainDecorator.java:227)
	at org.springframework.security.web.ObservationFilterChainDecorator$VirtualFilterChain.doFilter(ObservationFilterChainDecorator.java:137)
	at org.springframework.security.web.authentication.rememberme.RememberMeAuthenticationFilter.doFilter(RememberMeAuthenticationFilter.java:145)
	at org.springframework.security.web.authentication.rememberme.RememberMeAuthenticationFilter.doFilter(RememberMeAuthenticationFilter.java:101)
	at org.springframework.security.web.ObservationFilterChainDecorator$ObservationFilter.wrapFilter(ObservationFilterChainDecorator.java:240)
	at org.springframework.security.web.ObservationFilterChainDecorator$ObservationFilter.doFilter(ObservationFilterChainDecorator.java:227)
	at org.springframework.security.web.ObservationFilterChainDecorator$VirtualFilterChain.doFilter(ObservationFilterChainDecorator.java:137)
	at org.springframework.security.web.servletapi.SecurityContextHolderAwareRequestFilter.doFilter(SecurityContextHolderAwareRequestFilter.java:179)
	at org.springframework.security.web.ObservationFilterChainDecorator$ObservationFilter.wrapFilter(ObservationFilterChainDecorator.java:240)
	at org.springframework.security.web.ObservationFilterChainDecorator$ObservationFilter.doFilter(ObservationFilterChainDecorator.java:227)
	at org.springframework.security.web.ObservationFilterChainDecorator$VirtualFilterChain.doFilter(ObservationFilterChainDecorator.java:137)
	at org.springframework.security.web.savedrequest.RequestCacheAwareFilter.doFilter(RequestCacheAwareFilter.java:63)
	at org.springframework.security.web.ObservationFilterChainDecorator$ObservationFilter.wrapFilter(ObservationFilterChainDecorator.java:240)
	at org.springframework.security.web.ObservationFilterChainDecorator$ObservationFilter.doFilter(ObservationFilterChainDecorator.java:227)
	at org.springframework.security.web.ObservationFilterChainDecorator$VirtualFilterChain.doFilter(ObservationFilterChainDecorator.java:137)
	at org.springframework.security.web.authentication.AbstractAuthenticationProcessingFilter.doFilter(AbstractAuthenticationProcessingFilter.java:227)
	at org.springframework.security.web.authentication.AbstractAuthenticationProcessingFilter.doFilter(AbstractAuthenticationProcessingFilter.java:221)
	at org.springframework.security.web.ObservationFilterChainDecorator$ObservationFilter.wrapFilter(ObservationFilterChainDecorator.java:240)
	at org.springframework.security.web.ObservationFilterChainDecorator$ObservationFilter.doFilter(ObservationFilterChainDecorator.java:227)
	at org.springframework.security.web.ObservationFilterChainDecorator$VirtualFilterChain.doFilter(ObservationFilterChainDecorator.java:137)
	at org.springframework.security.web.authentication.logout.LogoutFilter.doFilter(LogoutFilter.java:107)
	at org.springframework.security.web.authentication.logout.LogoutFilter.doFilter(LogoutFilter.java:93)
	at org.springframework.security.web.ObservationFilterChainDecorator$ObservationFilter.wrapFilter(ObservationFilterChainDecorator.java:240)
	at org.springframework.security.web.ObservationFilterChainDecorator$ObservationFilter.doFilter(ObservationFilterChainDecorator.java:227)
	at org.springframework.security.web.ObservationFilterChainDecorator$VirtualFilterChain.doFilter(ObservationFilterChainDecorator.java:137)
	at org.springframework.web.filter.CorsFilter.doFilterInternal(CorsFilter.java:91)
	at org.springframework.web.filter.OncePerRequestFilter.doFilter(OncePerRequestFilter.java:116)
	at org.springframework.security.web.ObservationFilterChainDecorator$ObservationFilter.wrapFilter(ObservationFilterChainDecorator.java:240)
	at org.springframework.security.web.ObservationFilterChainDecorator$ObservationFilter.doFilter(ObservationFilterChainDecorator.java:227)
	at org.springframework.security.web.ObservationFilterChainDecorator$VirtualFilterChain.doFilter(ObservationFilterChainDecorator.java:137)
	at org.springframework.security.web.header.HeaderWriterFilter.doHeadersAfter(HeaderWriterFilter.java:90)
	at org.springframework.security.web.header.HeaderWriterFilter.doFilterInternal(HeaderWriterFilter.java:75)
	at org.springframework.web.filter.OncePerRequestFilter.doFilter(OncePerRequestFilter.java:116)
	at org.springframework.security.web.ObservationFilterChainDecorator$ObservationFilter.wrapFilter(ObservationFilterChainDecorator.java:240)
	at org.springframework.security.web.ObservationFilterChainDecorator$ObservationFilter.doFilter(ObservationFilterChainDecorator.java:227)
	at org.springframework.security.web.ObservationFilterChainDecorator$VirtualFilterChain.doFilter(ObservationFilterChainDecorator.java:137)
	at org.springframework.security.web.context.SecurityContextHolderFilter.doFilter(SecurityContextHolderFilter.java:82)
	at org.springframework.security.web.context.SecurityContextHolderFilter.doFilter(SecurityContextHolderFilter.java:69)
	at org.springframework.security.web.ObservationFilterChainDecorator$ObservationFilter.wrapFilter(ObservationFilterChainDecorator.java:240)
	at org.springframework.security.web.ObservationFilterChainDecorator$ObservationFilter.doFilter(ObservationFilterChainDecorator.java:227)
	at org.springframework.security.web.ObservationFilterChainDecorator$VirtualFilterChain.doFilter(ObservationFilterChainDecorator.java:137)
	at org.springframework.security.web.context.request.async.WebAsyncManagerIntegrationFilter.doFilterInternal(WebAsyncManagerIntegrationFilter.java:62)
	at org.springframework.web.filter.OncePerRequestFilter.doFilter(OncePerRequestFilter.java:116)
	at org.springframework.security.web.ObservationFilterChainDecorator$ObservationFilter.wrapFilter(ObservationFilterChainDecorator.java:240)
	at org.springframework.security.web.ObservationFilterChainDecorator$ObservationFilter.doFilter(ObservationFilterChainDecorator.java:227)
	at org.springframework.security.web.ObservationFilterChainDecorator$VirtualFilterChain.doFilter(ObservationFilterChainDecorator.java:137)
	at org.springframework.security.web.session.DisableEncodeUrlFilter.doFilterInternal(DisableEncodeUrlFilter.java:42)
	at org.springframework.web.filter.OncePerRequestFilter.doFilter(OncePerRequestFilter.java:116)
	at org.springframework.security.web.ObservationFilterChainDecorator$ObservationFilter.wrapFilter(ObservationFilterChainDecorator.java:240)
	at org.springframework.security.web.ObservationFilterChainDecorator$AroundFilterObservation$SimpleAroundFilterObservation.lambda$wrap$0(ObservationFilterChainDecorator.java:323)
	at org.springframework.security.web.ObservationFilterChainDecorator$ObservationFilter.doFilter(ObservationFilterChainDecorator.java:224)
	at org.springframework.security.web.ObservationFilterChainDecorator$VirtualFilterChain.doFilter(ObservationFilterChainDecorator.java:137)
	at org.springframework.security.web.FilterChainProxy.doFilterInternal(FilterChainProxy.java:233)
	at org.springframework.security.web.FilterChainProxy.doFilter(FilterChainProxy.java:191)
	at org.springframework.web.filter.CompositeFilter$VirtualFilterChain.doFilter(CompositeFilter.java:113)
	at org.springframework.web.servlet.handler.HandlerMappingIntrospector.lambda$createCacheFilter$3(HandlerMappingIntrospector.java:195)
	at org.springframework.web.filter.CompositeFilter$VirtualFilterChain.doFilter(CompositeFilter.java:113)
	at org.springframework.web.filter.CompositeFilter.doFilter(CompositeFilter.java:74)
	at org.springframework.security.config.annotation.web.configuration.WebMvcSecurityConfiguration$CompositeFilterChainProxy.doFilter(WebMvcSecurityConfiguration.java:225)
	at org.springframework.web.filter.DelegatingFilterProxy.invokeDelegate(DelegatingFilterProxy.java:352)
	at org.springframework.web.filter.DelegatingFilterProxy.doFilter(DelegatingFilterProxy.java:268)
	at org.apache.catalina.core.ApplicationFilterChain.internalDoFilter(ApplicationFilterChain.java:174)
	at org.apache.catalina.core.ApplicationFilterChain.doFilter(ApplicationFilterChain.java:149)
	at org.springframework.web.filter.ServerHttpObservationFilter.doFilterInternal(ServerHttpObservationFilter.java:109)
	at org.springframework.web.filter.OncePerRequestFilter.doFilter(OncePerRequestFilter.java:116)
	at org.apache.catalina.core.ApplicationFilterChain.internalDoFilter(ApplicationFilterChain.java:174)
	at org.apache.catalina.core.ApplicationFilterChain.doFilter(ApplicationFilterChain.java:149)
	at org.springframework.web.filter.CharacterEncodingFilter.doFilterInternal(CharacterEncodingFilter.java:201)
	at org.springframework.web.filter.OncePerRequestFilter.doFilter(OncePerRequestFilter.java:116)
	at org.apache.catalina.core.ApplicationFilterChain.internalDoFilter(ApplicationFilterChain.java:174)
	at org.apache.catalina.core.ApplicationFilterChain.doFilter(ApplicationFilterChain.java:149)
	at org.apache.catalina.core.StandardWrapperValve.invoke(StandardWrapperValve.java:167)
	at org.apache.catalina.core.StandardContextValve.invoke(StandardContextValve.java:90)
	at org.apache.catalina.authenticator.AuthenticatorBase.invoke(AuthenticatorBase.java:482)
	at org.apache.catalina.core.StandardHostValve.invoke(StandardHostValve.java:115)
	at org.apache.catalina.valves.ErrorReportValve.invoke(ErrorReportValve.java:93)
	at org.apache.catalina.core.StandardEngineValve.invoke(StandardEngineValve.java:74)
	at org.apache.catalina.connector.CoyoteAdapter.service(CoyoteAdapter.java:340)
	at org.apache.coyote.http11.Http11Processor.service(Http11Processor.java:391)
	at org.apache.coyote.AbstractProcessorLight.process(AbstractProcessorLight.java:63)
	at org.apache.coyote.AbstractProtocol$ConnectionHandler.process(AbstractProtocol.java:896)
	at org.apache.tomcat.util.net.NioEndpoint$SocketProcessor.doRun(NioEndpoint.java:1744)
	at org.apache.tomcat.util.net.SocketProcessorBase.run(SocketProcessorBase.java:52)
	at org.apache.tomcat.util.threads.ThreadPoolExecutor.runWorker(ThreadPoolExecutor.java:1191)
	at org.apache.tomcat.util.threads.ThreadPoolExecutor$Worker.run(ThreadPoolExecutor.java:659)
	at org.apache.tomcat.util.threads.TaskThread$WrappingRunnable.run(TaskThread.java:61)
	at java.base/java.lang.Thread.run(Thread.java:840)
2024-03-02 22:38:22,168 INFO org.example.quiz.domain.aspect.LoggerAspect [http-nio-8080-exec-6] BEFORE loggableMethods() 
[{}, org.apache.catalina.session.StandardSessionFacade@4fe852a2, 2]
String org.example.quiz.web.controller.QuestionController.startQuiz(Model,HttpSession,int)
2024-03-02 22:38:22,187 INFO org.example.quiz.domain.aspect.LoggerAspect [http-nio-8080-exec-6] AFTER loggableMethods() 
[{question=Question(id=21, quiz=Quiz(id=2, imgUrl=Csharp_Logo.png, title=C#, description=Simple c# quiz, active=true, user=User(id=4, username=123@gmail.com, password=$2a$10$J12oBKoJlyFep1ZtdPt1Mu.P0DPvIPf4jxQuIRna3uthezw7R0vwe, roles=[])), imgUrl=sddefault.jpg, title=C# is strictly typed language?, user=User(id=4, username=123@gmail.com, password=$2a$10$J12oBKoJlyFep1ZtdPt1Mu.P0DPvIPf4jxQuIRna3uthezw7R0vwe, roles=[])), questions=[Question(id=21, quiz=Quiz(id=2, imgUrl=Csharp_Logo.png, title=C#, description=Simple c# quiz, active=true, user=User(id=4, username=123@gmail.com, password=$2a$10$J12oBKoJlyFep1ZtdPt1Mu.P0DPvIPf4jxQuIRna3uthezw7R0vwe, roles=[])), imgUrl=sddefault.jpg, title=C# is strictly typed language?, user=User(id=4, username=123@gmail.com, password=$2a$10$J12oBKoJlyFep1ZtdPt1Mu.P0DPvIPf4jxQuIRna3uthezw7R0vwe, roles=[])), Question(id=22, quiz=Quiz(id=2, imgUrl=Csharp_Logo.png, title=C#, description=Simple c# quiz, active=true, user=User(id=4, username=123@gmail.com, password=$2a$10$J12oBKoJlyFep1ZtdPt1Mu.P0DPvIPf4jxQuIRna3uthezw7R0vwe, roles=[])), imgUrl=ObamaImg.png, title=Linq don't have: select, where, max, pop, user=User(id=4, username=123@gmail.com, password=$2a$10$J12oBKoJlyFep1ZtdPt1Mu.P0DPvIPf4jxQuIRna3uthezw7R0vwe, roles=[]))], options=[Option(id=1, question=Question(id=21, quiz=Quiz(id=2, imgUrl=Csharp_Logo.png, title=C#, description=Simple c# quiz, active=true, user=User(id=4, username=123@gmail.com, password=$2a$10$J12oBKoJlyFep1ZtdPt1Mu.P0DPvIPf4jxQuIRna3uthezw7R0vwe, roles=[])), imgUrl=sddefault.jpg, title=C# is strictly typed language?, user=User(id=4, username=123@gmail.com, password=$2a$10$J12oBKoJlyFep1ZtdPt1Mu.P0DPvIPf4jxQuIRna3uthezw7R0vwe, roles=[])), imgUrl=fwfew.png, title=Yes, correct=true, user=User(id=4, username=123@gmail.com, password=$2a$10$J12oBKoJlyFep1ZtdPt1Mu.P0DPvIPf4jxQuIRna3uthezw7R0vwe, roles=[])), Option(id=6, question=Question(id=21, quiz=Quiz(id=2, imgUrl=Csharp_Logo.png, title=C#, description=Simple c# quiz, active=true, user=User(id=4, username=123@gmail.com, password=$2a$10$J12oBKoJlyFep1ZtdPt1Mu.P0DPvIPf4jxQuIRna3uthezw7R0vwe, roles=[])), imgUrl=sddefault.jpg, title=C# is strictly typed language?, user=User(id=4, username=123@gmail.com, password=$2a$10$J12oBKoJlyFep1ZtdPt1Mu.P0DPvIPf4jxQuIRna3uthezw7R0vwe, roles=[])), imgUrl=, title=No, correct=false, user=User(id=4, username=123@gmail.com, password=$2a$10$J12oBKoJlyFep1ZtdPt1Mu.P0DPvIPf4jxQuIRna3uthezw7R0vwe, roles=[])), Option(id=7, question=Question(id=21, quiz=Quiz(id=2, imgUrl=Csharp_Logo.png, title=C#, description=Simple c# quiz, active=true, user=User(id=4, username=123@gmail.com, password=$2a$10$J12oBKoJlyFep1ZtdPt1Mu.P0DPvIPf4jxQuIRna3uthezw7R0vwe, roles=[])), imgUrl=sddefault.jpg, title=C# is strictly typed language?, user=User(id=4, username=123@gmail.com, password=$2a$10$J12oBKoJlyFep1ZtdPt1Mu.P0DPvIPf4jxQuIRna3uthezw7R0vwe, roles=[])), imgUrl=null, title=Idk, correct=false, user=User(id=4, username=123@gmail.com, password=$2a$10$J12oBKoJlyFep1ZtdPt1Mu.P0DPvIPf4jxQuIRna3uthezw7R0vwe, roles=[])), Option(id=8, question=Question(id=21, quiz=Quiz(id=2, imgUrl=Csharp_Logo.png, title=C#, description=Simple c# quiz, active=true, user=User(id=4, username=123@gmail.com, password=$2a$10$J12oBKoJlyFep1ZtdPt1Mu.P0DPvIPf4jxQuIRna3uthezw7R0vwe, roles=[])), imgUrl=sddefault.jpg, title=C# is strictly typed language?, user=User(id=4, username=123@gmail.com, password=$2a$10$J12oBKoJlyFep1ZtdPt1Mu.P0DPvIPf4jxQuIRna3uthezw7R0vwe, roles=[])), imgUrl=null, title=I don't want to know this!!!, correct=false, user=User(id=4, username=123@gmail.com, password=$2a$10$J12oBKoJlyFep1ZtdPt1Mu.P0DPvIPf4jxQuIRna3uthezw7R0vwe, roles=[]))]}, org.apache.catalina.session.StandardSessionFacade@4fe852a2, 2]
String org.example.quiz.web.controller.QuestionController.startQuiz(Model,HttpSession,int)
2024-03-02 22:38:22,219 WARN org.springframework.web.servlet.PageNotFound [http-nio-8080-exec-7] No mapping for GET /assets/f0db75bd7fb3b61fd5c2b967f1a77e3e/css/bootstrap.css
2024-03-02 22:38:22,220 WARN org.springframework.web.servlet.PageNotFound [http-nio-8080-exec-9] No mapping for GET /js/vendor/bower/angular-ui-notification/dist/angular-ui-notification.min.css
2024-03-02 22:38:22,221 WARN org.springframework.web.servlet.PageNotFound [http-nio-8080-exec-7] No endpoint GET /assets/f0db75bd7fb3b61fd5c2b967f1a77e3e/css/bootstrap.css.
2024-03-02 22:38:22,221 WARN org.springframework.web.servlet.PageNotFound [http-nio-8080-exec-9] No endpoint GET /js/vendor/bower/angular-ui-notification/dist/angular-ui-notification.min.css.
2024-03-02 22:38:22,222 WARN org.springframework.web.servlet.PageNotFound [http-nio-8080-exec-8] No mapping for GET /js/vendor/bower/angular-confirm/dist/angular-confirm.min.css
2024-03-02 22:38:22,223 WARN org.springframework.web.servlet.PageNotFound [http-nio-8080-exec-8] No endpoint GET /js/vendor/bower/angular-confirm/dist/angular-confirm.min.css.
2024-03-02 22:38:22,243 WARN org.springframework.web.servlet.PageNotFound [http-nio-8080-exec-1] No mapping for GET /js/vendor/bower/angular-confirm/dist/angular-confirm.min.css
2024-03-02 22:38:22,244 WARN org.springframework.web.servlet.PageNotFound [http-nio-8080-exec-1] No endpoint GET /js/vendor/bower/angular-confirm/dist/angular-confirm.min.css.
2024-03-02 22:38:22,254 WARN org.springframework.web.servlet.PageNotFound [http-nio-8080-exec-2] No mapping for GET /js/vendor/bower/angular-ui-notification/dist/angular-ui-notification.min.css
2024-03-02 22:38:22,255 WARN org.springframework.web.servlet.PageNotFound [http-nio-8080-exec-2] No endpoint GET /js/vendor/bower/angular-ui-notification/dist/angular-ui-notification.min.css.
2024-03-02 22:38:22,313 WARN org.springframework.web.servlet.PageNotFound [http-nio-8080-exec-3] No mapping for GET /fonts/fontawesome-webfont.woff2
2024-03-02 22:38:22,313 WARN org.springframework.web.servlet.PageNotFound [http-nio-8080-exec-3] No endpoint GET /fonts/fontawesome-webfont.woff2.
2024-03-02 22:38:22,325 WARN org.springframework.web.servlet.PageNotFound [http-nio-8080-exec-4] No mapping for GET /fonts/fontawesome-webfont.woff
2024-03-02 22:38:22,325 WARN org.springframework.web.servlet.PageNotFound [http-nio-8080-exec-4] No endpoint GET /fonts/fontawesome-webfont.woff.
2024-03-02 22:38:22,337 WARN org.springframework.web.servlet.PageNotFound [http-nio-8080-exec-5] No mapping for GET /fonts/fontawesome-webfont.ttf
2024-03-02 22:38:22,337 WARN org.springframework.web.servlet.PageNotFound [http-nio-8080-exec-5] No endpoint GET /fonts/fontawesome-webfont.ttf.
2024-03-02 22:38:33,765 INFO org.example.quiz.domain.aspect.LoggerAspect [http-nio-8080-exec-6] BEFORE loggableMethods() 
[1]
String org.example.quiz.web.controller.QuestionController.handleNextQuestion(int)
2024-03-02 22:38:33,776 INFO org.example.quiz.domain.aspect.LoggerAspect [http-nio-8080-exec-6] AFTER loggableMethods() 
[1]
String org.example.quiz.web.controller.QuestionController.handleNextQuestion(int)
2024-03-02 22:38:33,795 INFO org.example.quiz.domain.aspect.LoggerAspect [http-nio-8080-exec-10] BEFORE loggableMethods() 
[{}, org.apache.catalina.session.StandardSessionFacade@4fe852a2, 2]
String org.example.quiz.web.controller.QuestionController.startQuiz(Model,HttpSession,int)
2024-03-02 22:38:33,811 INFO org.example.quiz.domain.aspect.LoggerAspect [http-nio-8080-exec-10] AFTER loggableMethods() 
[{question=Question(id=22, quiz=Quiz(id=2, imgUrl=Csharp_Logo.png, title=C#, description=Simple c# quiz, active=true, user=User(id=4, username=123@gmail.com, password=$2a$10$J12oBKoJlyFep1ZtdPt1Mu.P0DPvIPf4jxQuIRna3uthezw7R0vwe, roles=[])), imgUrl=ObamaImg.png, title=Linq don't have: select, where, max, pop, user=User(id=4, username=123@gmail.com, password=$2a$10$J12oBKoJlyFep1ZtdPt1Mu.P0DPvIPf4jxQuIRna3uthezw7R0vwe, roles=[])), questions=[Question(id=21, quiz=Quiz(id=2, imgUrl=Csharp_Logo.png, title=C#, description=Simple c# quiz, active=true, user=User(id=4, username=123@gmail.com, password=$2a$10$J12oBKoJlyFep1ZtdPt1Mu.P0DPvIPf4jxQuIRna3uthezw7R0vwe, roles=[])), imgUrl=sddefault.jpg, title=C# is strictly typed language?, user=User(id=4, username=123@gmail.com, password=$2a$10$J12oBKoJlyFep1ZtdPt1Mu.P0DPvIPf4jxQuIRna3uthezw7R0vwe, roles=[])), Question(id=22, quiz=Quiz(id=2, imgUrl=Csharp_Logo.png, title=C#, description=Simple c# quiz, active=true, user=User(id=4, username=123@gmail.com, password=$2a$10$J12oBKoJlyFep1ZtdPt1Mu.P0DPvIPf4jxQuIRna3uthezw7R0vwe, roles=[])), imgUrl=ObamaImg.png, title=Linq don't have: select, where, max, pop, user=User(id=4, username=123@gmail.com, password=$2a$10$J12oBKoJlyFep1ZtdPt1Mu.P0DPvIPf4jxQuIRna3uthezw7R0vwe, roles=[]))], options=[Option(id=2, question=Question(id=22, quiz=Quiz(id=2, imgUrl=Csharp_Logo.png, title=C#, description=Simple c# quiz, active=true, user=User(id=4, username=123@gmail.com, password=$2a$10$J12oBKoJlyFep1ZtdPt1Mu.P0DPvIPf4jxQuIRna3uthezw7R0vwe, roles=[])), imgUrl=ObamaImg.png, title=Linq don't have: select, where, max, pop, user=User(id=4, username=123@gmail.com, password=$2a$10$J12oBKoJlyFep1ZtdPt1Mu.P0DPvIPf4jxQuIRna3uthezw7R0vwe, roles=[])), imgUrl=, title=Pop, correct=true, user=User(id=4, username=123@gmail.com, password=$2a$10$J12oBKoJlyFep1ZtdPt1Mu.P0DPvIPf4jxQuIRna3uthezw7R0vwe, roles=[])), Option(id=3, question=Question(id=22, quiz=Quiz(id=2, imgUrl=Csharp_Logo.png, title=C#, description=Simple c# quiz, active=true, user=User(id=4, username=123@gmail.com, password=$2a$10$J12oBKoJlyFep1ZtdPt1Mu.P0DPvIPf4jxQuIRna3uthezw7R0vwe, roles=[])), imgUrl=ObamaImg.png, title=Linq don't have: select, where, max, pop, user=User(id=4, username=123@gmail.com, password=$2a$10$J12oBKoJlyFep1ZtdPt1Mu.P0DPvIPf4jxQuIRna3uthezw7R0vwe, roles=[])), imgUrl=, title=Where, correct=false, user=User(id=4, username=123@gmail.com, password=$2a$10$J12oBKoJlyFep1ZtdPt1Mu.P0DPvIPf4jxQuIRna3uthezw7R0vwe, roles=[])), Option(id=4, question=Question(id=22, quiz=Quiz(id=2, imgUrl=Csharp_Logo.png, title=C#, description=Simple c# quiz, active=true, user=User(id=4, username=123@gmail.com, password=$2a$10$J12oBKoJlyFep1ZtdPt1Mu.P0DPvIPf4jxQuIRna3uthezw7R0vwe, roles=[])), imgUrl=ObamaImg.png, title=Linq don't have: select, where, max, pop, user=User(id=4, username=123@gmail.com, password=$2a$10$J12oBKoJlyFep1ZtdPt1Mu.P0DPvIPf4jxQuIRna3uthezw7R0vwe, roles=[])), imgUrl=, title=Select, correct=false, user=User(id=4, username=123@gmail.com, password=$2a$10$J12oBKoJlyFep1ZtdPt1Mu.P0DPvIPf4jxQuIRna3uthezw7R0vwe, roles=[])), Option(id=5, question=Question(id=22, quiz=Quiz(id=2, imgUrl=Csharp_Logo.png, title=C#, description=Simple c# quiz, active=true, user=User(id=4, username=123@gmail.com, password=$2a$10$J12oBKoJlyFep1ZtdPt1Mu.P0DPvIPf4jxQuIRna3uthezw7R0vwe, roles=[])), imgUrl=ObamaImg.png, title=Linq don't have: select, where, max, pop, user=User(id=4, username=123@gmail.com, password=$2a$10$J12oBKoJlyFep1ZtdPt1Mu.P0DPvIPf4jxQuIRna3uthezw7R0vwe, roles=[])), imgUrl=, title=Max, correct=false, user=User(id=4, username=123@gmail.com, password=$2a$10$J12oBKoJlyFep1ZtdPt1Mu.P0DPvIPf4jxQuIRna3uthezw7R0vwe, roles=[]))]}, org.apache.catalina.session.StandardSessionFacade@4fe852a2, 2]
String org.example.quiz.web.controller.QuestionController.startQuiz(Model,HttpSession,int)
2024-03-02 22:38:33,835 WARN org.springframework.web.servlet.PageNotFound [http-nio-8080-exec-8] No mapping for GET /js/vendor/bower/angular-confirm/dist/angular-confirm.min.css
2024-03-02 22:38:33,835 WARN org.springframework.web.servlet.PageNotFound [http-nio-8080-exec-9] No mapping for GET /js/vendor/bower/angular-ui-notification/dist/angular-ui-notification.min.css
2024-03-02 22:38:33,835 WARN org.springframework.web.servlet.PageNotFound [http-nio-8080-exec-7] No mapping for GET /assets/f0db75bd7fb3b61fd5c2b967f1a77e3e/css/bootstrap.css
2024-03-02 22:38:33,836 WARN org.springframework.web.servlet.PageNotFound [http-nio-8080-exec-7] No endpoint GET /assets/f0db75bd7fb3b61fd5c2b967f1a77e3e/css/bootstrap.css.
2024-03-02 22:38:33,836 WARN org.springframework.web.servlet.PageNotFound [http-nio-8080-exec-8] No endpoint GET /js/vendor/bower/angular-confirm/dist/angular-confirm.min.css.
2024-03-02 22:38:33,836 WARN org.springframework.web.servlet.PageNotFound [http-nio-8080-exec-9] No endpoint GET /js/vendor/bower/angular-ui-notification/dist/angular-ui-notification.min.css.
2024-03-02 22:38:33,846 WARN org.springframework.web.servlet.PageNotFound [http-nio-8080-exec-1] No mapping for GET /js/vendor/bower/angular-confirm/dist/angular-confirm.min.css
2024-03-02 22:38:33,847 WARN org.springframework.web.servlet.PageNotFound [http-nio-8080-exec-1] No endpoint GET /js/vendor/bower/angular-confirm/dist/angular-confirm.min.css.
2024-03-02 22:38:33,856 WARN org.springframework.web.servlet.PageNotFound [http-nio-8080-exec-2] No mapping for GET /js/vendor/bower/angular-ui-notification/dist/angular-ui-notification.min.css
2024-03-02 22:38:33,856 WARN org.springframework.web.servlet.PageNotFound [http-nio-8080-exec-2] No endpoint GET /js/vendor/bower/angular-ui-notification/dist/angular-ui-notification.min.css.
2024-03-02 22:38:33,902 WARN org.springframework.web.servlet.PageNotFound [http-nio-8080-exec-3] No mapping for GET /fonts/fontawesome-webfont.woff2
2024-03-02 22:38:33,903 WARN org.springframework.web.servlet.PageNotFound [http-nio-8080-exec-3] No endpoint GET /fonts/fontawesome-webfont.woff2.
2024-03-02 22:38:33,913 WARN org.springframework.web.servlet.PageNotFound [http-nio-8080-exec-4] No mapping for GET /fonts/fontawesome-webfont.woff
2024-03-02 22:38:33,913 WARN org.springframework.web.servlet.PageNotFound [http-nio-8080-exec-4] No endpoint GET /fonts/fontawesome-webfont.woff.
2024-03-02 22:38:33,923 WARN org.springframework.web.servlet.PageNotFound [http-nio-8080-exec-5] No mapping for GET /fonts/fontawesome-webfont.ttf
2024-03-02 22:38:33,923 WARN org.springframework.web.servlet.PageNotFound [http-nio-8080-exec-5] No endpoint GET /fonts/fontawesome-webfont.ttf.
2024-03-02 22:38:41,922 INFO org.example.quiz.domain.aspect.LoggerAspect [http-nio-8080-exec-6] BEFORE loggableMethods() 
[2]
String org.example.quiz.web.controller.QuestionController.handleNextQuestion(int)
2024-03-02 22:38:42,142 INFO org.example.quiz.domain.aspect.LoggerAspect [http-nio-8080-exec-6] AFTER loggableMethods() 
[2]
String org.example.quiz.web.controller.QuestionController.handleNextQuestion(int)
2024-03-02 22:38:42,151 INFO org.example.quiz.domain.aspect.LoggerAspect [http-nio-8080-exec-10] BEFORE loggableMethods() 
[{}, 21, 2]
String org.example.quiz.web.controller.QuestionController.result(Model,int,int)
2024-03-02 22:38:42,184 INFO org.example.quiz.domain.aspect.LoggerAspect [http-nio-8080-exec-10] AFTER loggableMethods() 
[{quiz=Quiz(id=2, imgUrl=Csharp_Logo.png, title=C#, description=Simple c# quiz, active=true, user=User(id=4, username=123@gmail.com, password=$2a$10$J12oBKoJlyFep1ZtdPt1Mu.P0DPvIPf4jxQuIRna3uthezw7R0vwe, roles=[])), questions=[Question(id=21, quiz=Quiz(id=2, imgUrl=Csharp_Logo.png, title=C#, description=Simple c# quiz, active=true, user=User(id=4, username=123@gmail.com, password=$2a$10$J12oBKoJlyFep1ZtdPt1Mu.P0DPvIPf4jxQuIRna3uthezw7R0vwe, roles=[])), imgUrl=sddefault.jpg, title=C# is strictly typed language?, user=User(id=4, username=123@gmail.com, password=$2a$10$J12oBKoJlyFep1ZtdPt1Mu.P0DPvIPf4jxQuIRna3uthezw7R0vwe, roles=[])), Question(id=22, quiz=Quiz(id=2, imgUrl=Csharp_Logo.png, title=C#, description=Simple c# quiz, active=true, user=User(id=4, username=123@gmail.com, password=$2a$10$J12oBKoJlyFep1ZtdPt1Mu.P0DPvIPf4jxQuIRna3uthezw7R0vwe, roles=[])), imgUrl=ObamaImg.png, title=Linq don't have: select, where, max, pop, user=User(id=4, username=123@gmail.com, password=$2a$10$J12oBKoJlyFep1ZtdPt1Mu.P0DPvIPf4jxQuIRna3uthezw7R0vwe, roles=[]))], options=[Option(id=1, question=Question(id=21, quiz=Quiz(id=2, imgUrl=Csharp_Logo.png, title=C#, description=Simple c# quiz, active=true, user=User(id=4, username=123@gmail.com, password=$2a$10$J12oBKoJlyFep1ZtdPt1Mu.P0DPvIPf4jxQuIRna3uthezw7R0vwe, roles=[])), imgUrl=sddefault.jpg, title=C# is strictly typed language?, user=User(id=4, username=123@gmail.com, password=$2a$10$J12oBKoJlyFep1ZtdPt1Mu.P0DPvIPf4jxQuIRna3uthezw7R0vwe, roles=[])), imgUrl=fwfew.png, title=Yes, correct=true, user=User(id=4, username=123@gmail.com, password=$2a$10$J12oBKoJlyFep1ZtdPt1Mu.P0DPvIPf4jxQuIRna3uthezw7R0vwe, roles=[])), Option(id=2, question=Question(id=22, quiz=Quiz(id=2, imgUrl=Csharp_Logo.png, title=C#, description=Simple c# quiz, active=true, user=User(id=4, username=123@gmail.com, password=$2a$10$J12oBKoJlyFep1ZtdPt1Mu.P0DPvIPf4jxQuIRna3uthezw7R0vwe, roles=[])), imgUrl=ObamaImg.png, title=Linq don't have: select, where, max, pop, user=User(id=4, username=123@gmail.com, password=$2a$10$J12oBKoJlyFep1ZtdPt1Mu.P0DPvIPf4jxQuIRna3uthezw7R0vwe, roles=[])), imgUrl=, title=Pop, correct=true, user=User(id=4, username=123@gmail.com, password=$2a$10$J12oBKoJlyFep1ZtdPt1Mu.P0DPvIPf4jxQuIRna3uthezw7R0vwe, roles=[])), Option(id=3, question=Question(id=22, quiz=Quiz(id=2, imgUrl=Csharp_Logo.png, title=C#, description=Simple c# quiz, active=true, user=User(id=4, username=123@gmail.com, password=$2a$10$J12oBKoJlyFep1ZtdPt1Mu.P0DPvIPf4jxQuIRna3uthezw7R0vwe, roles=[])), imgUrl=ObamaImg.png, title=Linq don't have: select, where, max, pop, user=User(id=4, username=123@gmail.com, password=$2a$10$J12oBKoJlyFep1ZtdPt1Mu.P0DPvIPf4jxQuIRna3uthezw7R0vwe, roles=[])), imgUrl=, title=Where, correct=false, user=User(id=4, username=123@gmail.com, password=$2a$10$J12oBKoJlyFep1ZtdPt1Mu.P0DPvIPf4jxQuIRna3uthezw7R0vwe, roles=[])), Option(id=4, question=Question(id=22, quiz=Quiz(id=2, imgUrl=Csharp_Logo.png, title=C#, description=Simple c# quiz, active=true, user=User(id=4, username=123@gmail.com, password=$2a$10$J12oBKoJlyFep1ZtdPt1Mu.P0DPvIPf4jxQuIRna3uthezw7R0vwe, roles=[])), imgUrl=ObamaImg.png, title=Linq don't have: select, where, max, pop, user=User(id=4, username=123@gmail.com, password=$2a$10$J12oBKoJlyFep1ZtdPt1Mu.P0DPvIPf4jxQuIRna3uthezw7R0vwe, roles=[])), imgUrl=, title=Select, correct=false, user=User(id=4, username=123@gmail.com, password=$2a$10$J12oBKoJlyFep1ZtdPt1Mu.P0DPvIPf4jxQuIRna3uthezw7R0vwe, roles=[])), Option(id=5, question=Question(id=22, quiz=Quiz(id=2, imgUrl=Csharp_Logo.png, title=C#, description=Simple c# quiz, active=true, user=User(id=4, username=123@gmail.com, password=$2a$10$J12oBKoJlyFep1ZtdPt1Mu.P0DPvIPf4jxQuIRna3uthezw7R0vwe, roles=[])), imgUrl=ObamaImg.png, title=Linq don't have: select, where, max, pop, user=User(id=4, username=123@gmail.com, password=$2a$10$J12oBKoJlyFep1ZtdPt1Mu.P0DPvIPf4jxQuIRna3uthezw7R0vwe, roles=[])), imgUrl=, title=Max, correct=false, user=User(id=4, username=123@gmail.com, password=$2a$10$J12oBKoJlyFep1ZtdPt1Mu.P0DPvIPf4jxQuIRna3uthezw7R0vwe, roles=[])), Option(id=6, question=Question(id=21, quiz=Quiz(id=2, imgUrl=Csharp_Logo.png, title=C#, description=Simple c# quiz, active=true, user=User(id=4, username=123@gmail.com, password=$2a$10$J12oBKoJlyFep1ZtdPt1Mu.P0DPvIPf4jxQuIRna3uthezw7R0vwe, roles=[])), imgUrl=sddefault.jpg, title=C# is strictly typed language?, user=User(id=4, username=123@gmail.com, password=$2a$10$J12oBKoJlyFep1ZtdPt1Mu.P0DPvIPf4jxQuIRna3uthezw7R0vwe, roles=[])), imgUrl=, title=No, correct=false, user=User(id=4, username=123@gmail.com, password=$2a$10$J12oBKoJlyFep1ZtdPt1Mu.P0DPvIPf4jxQuIRna3uthezw7R0vwe, roles=[])), Option(id=7, question=Question(id=21, quiz=Quiz(id=2, imgUrl=Csharp_Logo.png, title=C#, description=Simple c# quiz, active=true, user=User(id=4, username=123@gmail.com, password=$2a$10$J12oBKoJlyFep1ZtdPt1Mu.P0DPvIPf4jxQuIRna3uthezw7R0vwe, roles=[])), imgUrl=sddefault.jpg, title=C# is strictly typed language?, user=User(id=4, username=123@gmail.com, password=$2a$10$J12oBKoJlyFep1ZtdPt1Mu.P0DPvIPf4jxQuIRna3uthezw7R0vwe, roles=[])), imgUrl=null, title=Idk, correct=false, user=User(id=4, username=123@gmail.com, password=$2a$10$J12oBKoJlyFep1ZtdPt1Mu.P0DPvIPf4jxQuIRna3uthezw7R0vwe, roles=[])), Option(id=8, question=Question(id=21, quiz=Quiz(id=2, imgUrl=Csharp_Logo.png, title=C#, description=Simple c# quiz, active=true, user=User(id=4, username=123@gmail.com, password=$2a$10$J12oBKoJlyFep1ZtdPt1Mu.P0DPvIPf4jxQuIRna3uthezw7R0vwe, roles=[])), imgUrl=sddefault.jpg, title=C# is strictly typed language?, user=User(id=4, username=123@gmail.com, password=$2a$10$J12oBKoJlyFep1ZtdPt1Mu.P0DPvIPf4jxQuIRna3uthezw7R0vwe, roles=[])), imgUrl=null, title=I don't want to know this!!!, correct=false, user=User(id=4, username=123@gmail.com, password=$2a$10$J12oBKoJlyFep1ZtdPt1Mu.P0DPvIPf4jxQuIRna3uthezw7R0vwe, roles=[]))], answers=[Answer(id=51, option=Option(id=1, question=Question(id=21, quiz=Quiz(id=2, imgUrl=Csharp_Logo.png, title=C#, description=Simple c# quiz, active=true, user=User(id=4, username=123@gmail.com, password=$2a$10$J12oBKoJlyFep1ZtdPt1Mu.P0DPvIPf4jxQuIRna3uthezw7R0vwe, roles=[])), imgUrl=sddefault.jpg, title=C# is strictly typed language?, user=User(id=4, username=123@gmail.com, password=$2a$10$J12oBKoJlyFep1ZtdPt1Mu.P0DPvIPf4jxQuIRna3uthezw7R0vwe, roles=[])), imgUrl=fwfew.png, title=Yes, correct=true, user=User(id=4, username=123@gmail.com, password=$2a$10$J12oBKoJlyFep1ZtdPt1Mu.P0DPvIPf4jxQuIRna3uthezw7R0vwe, roles=[])), result=Result(id=21, user=User(id=7, username=123123@m, password=$2a$10$zwSF/E14r5sZQctg4D9UveeOiCkAZSJMZ1ZGmC62ORxTtp7WTZ2zK, roles=[])), user=User(id=7, username=123123@m, password=$2a$10$zwSF/E14r5sZQctg4D9UveeOiCkAZSJMZ1ZGmC62ORxTtp7WTZ2zK, roles=[])), Answer(id=52, option=Option(id=2, question=Question(id=22, quiz=Quiz(id=2, imgUrl=Csharp_Logo.png, title=C#, description=Simple c# quiz, active=true, user=User(id=4, username=123@gmail.com, password=$2a$10$J12oBKoJlyFep1ZtdPt1Mu.P0DPvIPf4jxQuIRna3uthezw7R0vwe, roles=[])), imgUrl=ObamaImg.png, title=Linq don't have: select, where, max, pop, user=User(id=4, username=123@gmail.com, password=$2a$10$J12oBKoJlyFep1ZtdPt1Mu.P0DPvIPf4jxQuIRna3uthezw7R0vwe, roles=[])), imgUrl=, title=Pop, correct=true, user=User(id=4, username=123@gmail.com, password=$2a$10$J12oBKoJlyFep1ZtdPt1Mu.P0DPvIPf4jxQuIRna3uthezw7R0vwe, roles=[])), result=Result(id=21, user=User(id=7, username=123123@m, password=$2a$10$zwSF/E14r5sZQctg4D9UveeOiCkAZSJMZ1ZGmC62ORxTtp7WTZ2zK, roles=[])), user=User(id=7, username=123123@m, password=$2a$10$zwSF/E14r5sZQctg4D9UveeOiCkAZSJMZ1ZGmC62ORxTtp7WTZ2zK, roles=[]))], correctAnswers=java.util.stream.ReferencePipeline$2@f6acad9}, 21, 2]
String org.example.quiz.web.controller.QuestionController.result(Model,int,int)
2024-03-02 22:38:42,186 WARN org.thymeleaf.standard.processor.AbstractStandardFragmentInsertionTagProcessor [http-nio-8080-exec-10] [THYMELEAF][http-nio-8080-exec-10][result] Deprecated unwrapped fragment expression "/fragments/layout::nav" found in template result, line 33, col 6. Please use the complete syntax of fragment expressions instead ("~{/fragments/layout::nav}"). The old, unwrapped syntax for fragment expressions will be removed in future versions of Thymeleaf.
